[23:59:30] Steve A. Forget: Bitch please
[23:59:38] Steve A. Forget: Prends pas mon nom comme ça
[23:59:52] Steve A. Forget: ???
[23:59:54] Steve A. Forget: WAT?
[00:00:03] Steve A. Forget: WAT ?
[00:00:20] Steve A. Forget: Ha...
[00:00:33] Steve A. Forget: Tu t'amuse bien?
[00:00:46] Steve A. Forget: Mais
[00:00:48] Steve A. Forget: Spas moi A_A
[00:00:59] Steve A. Forget: Oh
[00:01:12] Steve A. Forget: Wait...
[00:01:15] Steve A. Forget: Mais je suis
[00:01:18] Steve A. Forget: Fou !
[00:01:19] Steve A. Forget: MOI
[00:01:23] Steve A. Forget: Non
[00:01:25] Steve A. Forget: :]
[00:01:25] Steve A. Forget: Je suis toi
[00:01:27] Steve A. Forget: Et toi aussi
[00:01:47] Steve A. Forget: Ou peut etre
[00:01:49] Steve A. Forget: Que je suis moi
[00:01:51] Steve A. Forget: Lui?
[00:01:57] Steve A. Forget: Exactement
[00:02:00] Steve A. Forget: Mais sur ce
[00:02:01] Steve A. Forget: Wow
[00:02:02] Steve A. Forget: J'y vais
[00:02:06] Steve A. Forget: La même
[00:02:06] Steve A. Forget: Bonne fin du monde