19:53 - Saturday Night Feeder: Dota naow ?
19:57 - The President of le Frenchland: Non
19:57 - The President of le Frenchland: Au fait
19:57 - The President of le Frenchland: Ma théorie était vraie
19:57 - Saturday Night Feeder: U are a faggit
19:58 - The President of le Frenchland: Je viens de mettre en évidence deux nouveaux éléments atomiques
19:58 - The President of le Frenchland: Bon, je sais pas comment on va les ajouter dans la classification periodique
19:58 - The President of le Frenchland: Mais je connais déjà leurs noms
19:58 - Saturday Night Feeder: Steve
19:58 - Saturday Night Feeder: Tu troll
19:58 - The President of le Frenchland: Leninium et Stalinium
19:58 - Saturday Night Feeder: Je le sais depuis que tu as dit
19:58 - Saturday Night Feeder: "Au fait"
19:59 - The President of le Frenchland: Pourquoi ces noms?
19:59 - The President of le Frenchland: Parcequ'ils ont des propriétés très proches du Neodyme
19:59 - The President of le Frenchland: Tout en étant très instables
20:00 - Saturday Night Feeder: Steve
20:00 - Saturday Night Feeder: Cesse de troll
20:00 - Saturday Night Feeder: Et viens faire un dota
20:01 - The President of le Frenchland: Trop tard, je suis déjà dans un avion pour Stockholm
20:01 - The President of le Frenchland: A MOI LE PRIX NOBEL
20:01 - The President of le Frenchland: Valve a beau avoir découvert l'Awesomium...
20:02 - The President of le Frenchland: Ils ne rivaliseront jamais face au Leninium et Stalinium
20:06 - Saturday Night Feeder: Dota naow ?
20:07 - Saturday Night Feeder: Pour te motiver
20:07 - Saturday Night Feeder: Johann ne joue pas
20:07 - Saturday Night Feeder: C'est deja plus tentant la non ?
20:08 - The President of le Frenchland: Je préfère avoir mon nom gravé sur un Prix Nobel et me taper des mannequins au repas de gala
20:08 - Saturday Night Feeder: Ou alors
20:08 - Saturday Night Feeder: Tu peut avoir l'occasion de faire un Dota
20:08 - Saturday Night Feeder: SANS johann
20:08 - The President of le Frenchland: Prix nobel > Dota SANS Johann
20:09 - Saturday Night Feeder: Donc
20:09 - Saturday Night Feeder: Tu est sur de ne pas jouer ?
20:09 - The President of le Frenchland: Je suis dans l'avion, je doute que la connexion soit parfaite pour ça
20:09 - Saturday Night Feeder: Mais plus serieusement ?
20:10 - The President of le Frenchland: STOCKHOLM FUCK YEA
20:10 - The President of le Frenchland: BLOND MILFS EVERYFUCKINGWHERE
20:10 - Saturday Night Feeder: Ok pour pas de dota
20:11 - The President of le Frenchland: J'essaierai d'en ramener une en France, t'en fais pas
